[11:33:18.932] [32mINFO[39m (2103953): [36mServer listening[39m
    [35mport[39m: 5001
Error: Failed query: select "id", "email", "password_hash", "name", "phone", "role", "company_name", "profile_picture_url", "is_active", "failed_login_attempts", "locked_until", "created_at", "updated_at" from "users" where "users"."email" = $1 limit $2
params: admin@duplicator.rw,1
    at NodePgPreparedQuery.queryWithCache (file:///app/artifacts/api-server/dist/index.mjs:46895:19)
    at process.processTicksAndRejections (node:internal/process/task_queues:103:5)
    at async file:///app/artifacts/api-server/dist/index.mjs:47182:26
    at async file:///app/artifacts/api-server/dist/index.mjs:77617:21
[11:54:45.454] [32mINFO[39m (2103953): [36mrequest errored[39m
    [35mreq[39m: {
      "id": 1,
      "method": "POST",
      "url": "/api/auth/login"
    }
    [35mres[39m: {
      "statusCode": 500
    }
    [35mresponseTime[39m: 134233
    err: {
      "type": "Error",
      "message": "failed with status code 500",
      "stack":
          Error: failed with status code 500
              at onResFinished (file:///app/artifacts/api-server/dist/index.mjs:28624:45)
              at ServerResponse.onResponseComplete (file:///app/artifacts/api-server/dist/index.mjs:28674:18)
              at ServerResponse.emit (node:events:531:35)
              at onFinish (node:_http_outgoing:1084:10)
              at callback (node:internal/streams/writable:766:21)
              at afterWrite (node:internal/streams/writable:710:5)
              at afterWriteTick (node:internal/streams/writable:696:10)
              at process.processTicksAndRejections (node:internal/process/task_queues:88:21)
    }
